2025-11-23 13:59:24,159 [INFO] backend: RAGPipeline initialized successfully
2025-11-23 13:59:40,506 [INFO] backend: RAGPipeline initialized successfully
2025-11-23 14:00:17,034 [INFO] backend: RAGPipeline initialized successfully
2025-11-23 14:30:49,216 [INFO] backend: RAGPipeline initialized successfully
2025-11-23 14:33:24,837 [INFO] backend: RAGPipeline initialized successfully
2025-11-23 14:39:53,336 [INFO] backend: RAGPipeline initialized successfully
2025-11-23 14:39:58,987 [INFO] backend: RAGPipeline initialized successfully
2025-11-23 14:40:04,633 [INFO] backend: RAGPipeline initialized successfully
2025-11-23 14:40:09,100 [INFO] backend: RAGPipeline initialized successfully
2025-11-23 14:41:06,495 [INFO] backend: RAGPipeline initialized successfully
2025-11-23 14:41:10,806 [INFO] backend: RAGPipeline initialized successfully
2025-11-23 14:41:11,698 [INFO] backend: RAGPipeline initialized successfully
2025-11-23 14:41:15,664 [INFO] backend: RAGPipeline initialized successfully
2025-11-23 14:41:29,336 [INFO] backend: RAGPipeline initialized successfully
2025-11-23 14:41:33,572 [INFO] backend: RAGPipeline initialized successfully
2025-11-23 14:42:40,383 [INFO] backend: RAGPipeline initialized successfully
2025-11-23 14:42:44,287 [INFO] backend: RAGPipeline initialized successfully
2025-11-23 14:42:46,110 [INFO] backend: RAGPipeline initialized successfully
2025-11-23 14:42:50,128 [INFO] backend: RAGPipeline initialized successfully
2025-11-23 14:42:58,733 [INFO] backend: RAGPipeline initialized successfully
2025-11-23 14:43:02,693 [INFO] backend: RAGPipeline initialized successfully
2025-11-23 14:43:05,220 [INFO] backend: RAGPipeline initialized successfully
2025-11-23 14:43:09,498 [INFO] backend: RAGPipeline initialized successfully
2025-11-23 14:43:17,943 [INFO] backend: RAGPipeline initialized successfully
2025-11-23 14:43:22,349 [INFO] backend: RAGPipeline initialized successfully
2025-11-23 14:43:25,539 [INFO] backend: RAGPipeline initialized successfully
2025-11-23 14:43:29,951 [INFO] backend: RAGPipeline initialized successfully
2025-11-23 14:44:07,073 [INFO] backend: RAGPipeline initialized successfully
2025-11-23 14:44:08,272 [INFO] backend: RAGPipeline initialized successfully
2025-11-23 14:44:11,118 [INFO] backend: RAGPipeline initialized successfully
2025-11-23 14:44:13,226 [INFO] backend: RAGPipeline initialized successfully
2025-11-23 14:45:38,909 [INFO] backend: RAGPipeline initialized successfully
2025-11-23 14:45:42,861 [INFO] backend: RAGPipeline initialized successfully
2025-11-23 14:45:43,561 [INFO] backend: Database & tables created/verified.
2025-11-23 14:46:07,998 [INFO] backend: RAGPipeline initialized successfully
2025-11-23 14:46:12,455 [INFO] backend: RAGPipeline initialized successfully
2025-11-23 14:46:12,878 [INFO] backend: Database & tables created/verified.
2025-11-23 14:50:51,046 [INFO] backend: RAGPipeline initialized successfully
2025-11-23 14:50:55,453 [INFO] backend: RAGPipeline initialized successfully
2025-11-23 14:50:55,838 [INFO] backend: Database & tables created/verified.
2025-11-23 14:54:07,016 [INFO] backend: RAGPipeline initialized successfully
2025-11-23 14:54:10,999 [INFO] backend: RAGPipeline initialized successfully
2025-11-23 14:54:11,375 [INFO] backend: Database & tables created/verified.
2025-11-23 14:55:22,537 [INFO] backend: RAGPipeline initialized successfully
2025-11-23 14:55:26,540 [INFO] backend: RAGPipeline initialized successfully
2025-11-23 14:55:26,990 [INFO] backend: Database & tables created/verified.
2025-11-23 14:55:39,930 [INFO] backend: RAGPipeline initialized successfully
2025-11-23 14:55:44,320 [INFO] backend: RAGPipeline initialized successfully
2025-11-23 14:55:44,618 [INFO] backend: Database & tables created/verified.
2025-11-23 14:56:36,834 [INFO] backend: RAGPipeline initialized successfully
2025-11-23 14:56:40,973 [INFO] backend: RAGPipeline initialized successfully
2025-11-23 14:56:41,345 [INFO] backend: Database & tables created/verified.
2025-11-23 14:57:25,687 [INFO] backend: RAGPipeline initialized successfully
2025-11-23 14:57:29,582 [INFO] backend: RAGPipeline initialized successfully
2025-11-23 14:57:29,930 [INFO] backend: Application Starting Up...
2025-11-23 14:57:29,932 [INFO] backend: Database & tables created/verified.
2025-11-23 14:57:29,932 [INFO] backend: DB Ready, AI Slide Generator Online!
2025-11-23 14:57:29,933 [INFO] backend: Application Shutting Down...
2025-11-23 14:57:41,903 [INFO] backend: RAGPipeline initialized successfully
2025-11-23 14:57:46,894 [INFO] backend: RAGPipeline initialized successfully
2025-11-23 14:57:47,403 [INFO] backend: Application Starting Up...
2025-11-23 14:57:47,412 [INFO] backend: Database & tables created/verified.
2025-11-23 14:57:47,412 [INFO] backend: DB Ready, AI Slide Generator Online!
2025-11-23 14:57:47,414 [INFO] backend: Application Shutting Down...
2025-11-23 14:58:01,489 [INFO] backend: RAGPipeline initialized successfully
2025-11-23 14:58:05,453 [INFO] backend: RAGPipeline initialized successfully
2025-11-23 14:58:05,746 [INFO] backend: Application Starting Up...
2025-11-23 14:58:05,747 [INFO] backend: Database & tables created/verified.
2025-11-23 14:58:05,747 [INFO] backend: DB Ready, AI Slide Generator Online!
2025-11-23 14:58:24,973 [INFO] backend: Application Shutting Down...
